2025-04-20 10:05:16,266 - INFO - Starting PMC Full Text Fetcher script... Logging to logs/pmc_fetcher_20250420_100516.log
2025-04-20 10:05:16,266 - INFO - Arguments received: Namespace(gene=None, list='prioritized_gene_from_part1.txt', max_results=5, output_dir='pmc_full_texts')
2025-04-20 10:05:16,266 - INFO - Reading gene list from: prioritized_gene_from_part1.txt
2025-04-20 10:05:16,267 - INFO - Found 10 genes in the file. Processing sequentially...
2025-04-20 10:05:16,267 - INFO - [1/10] Processing gene: LARGE1
2025-04-20 10:05:16,267 - INFO - Searching PMC Open Access for articles with 'LARGE1' in title (max 5)...
2025-04-20 10:05:16,414 - INFO - Found 5 Open Access articles (up to 5) for 'LARGE1', sorted by most recent publication date.
2025-04-20 10:05:16,414 - INFO - --- Attempting to fetch and parse full text/metadata for 5 PMCIDs for 'LARGE1' ---
2025-04-20 10:05:16,414 - INFO -   [1/5] Processing PMCID: 6500046...
2025-04-20 10:05:17,304 - INFO -   [2/5] Processing PMCID: 8812055...
2025-04-20 10:05:17,976 - INFO -   [3/5] Processing PMCID: 7822230...
2025-04-20 10:05:18,676 - INFO -   [4/5] Processing PMCID: 9746966...
2025-04-20 10:05:19,344 - INFO -   [5/5] Processing PMCID: 10933199...
2025-04-20 10:05:20,013 - INFO - Saving 5 processed articles for 'LARGE1' to 'pmc_full_texts/LARGE1_pmc_articles.json'...
2025-04-20 10:05:20,014 - INFO - Successfully saved JSON file for 'LARGE1'.
2025-04-20 10:05:20,014 - INFO - -- Finished processing 'LARGE1'. Saved data for 5 articles to JSON for this gene. --
2025-04-20 10:05:20,015 - INFO - [2/10] Processing gene: TAFA5
2025-04-20 10:05:20,015 - INFO - Searching PMC Open Access for articles with 'TAFA5' in title (max 5)...
2025-04-20 10:05:20,136 - INFO - Found 5 Open Access articles (up to 5) for 'TAFA5', sorted by most recent publication date.
2025-04-20 10:05:20,136 - INFO - --- Attempting to fetch and parse full text/metadata for 5 PMCIDs for 'TAFA5' ---
2025-04-20 10:05:20,136 - INFO -   [1/5] Processing PMCID: 6797941...
2025-04-20 10:05:21,120 - INFO -   [2/5] Processing PMCID: 9194834...
2025-04-20 10:05:21,784 - INFO -   [3/5] Processing PMCID: 11684132...
2025-04-20 10:05:22,473 - INFO -   [4/5] Processing PMCID: 11016272...
2025-04-20 10:05:23,410 - INFO -   [5/5] Processing PMCID: 9578707...
2025-04-20 10:05:24,123 - INFO - Saving 5 processed articles for 'TAFA5' to 'pmc_full_texts/TAFA5_pmc_articles.json'...
2025-04-20 10:05:24,188 - INFO - Successfully saved JSON file for 'TAFA5'.
2025-04-20 10:05:24,188 - INFO - -- Finished processing 'TAFA5'. Saved data for 5 articles to JSON for this gene. --
2025-04-20 10:05:24,189 - INFO - [3/10] Processing gene: SYN3
2025-04-20 10:05:24,189 - INFO - Searching PMC Open Access for articles with 'SYN3' in title (max 5)...
2025-04-20 10:05:24,308 - INFO - Found 5 Open Access articles (up to 5) for 'SYN3', sorted by most recent publication date.
2025-04-20 10:05:24,308 - INFO - --- Attempting to fetch and parse full text/metadata for 5 PMCIDs for 'SYN3' ---
2025-04-20 10:05:24,308 - INFO -   [1/5] Processing PMCID: 11123411...
2025-04-20 10:05:25,237 - INFO -   [2/5] Processing PMCID: 11528515...
2025-04-20 10:05:26,068 - INFO -   [3/5] Processing PMCID: 8431823...
2025-04-20 10:05:26,782 - INFO -   [4/5] Processing PMCID: 3962717...
2025-04-20 10:05:27,568 - INFO -   [5/5] Processing PMCID: 9251210...
2025-04-20 10:05:28,212 - INFO - Saving 5 processed articles for 'SYN3' to 'pmc_full_texts/SYN3_pmc_articles.json'...
2025-04-20 10:05:28,213 - INFO - Successfully saved JSON file for 'SYN3'.
2025-04-20 10:05:28,213 - INFO - -- Finished processing 'SYN3'. Saved data for 5 articles to JSON for this gene. --
2025-04-20 10:05:28,213 - INFO - [4/10] Processing gene: TBC1D22A
2025-04-20 10:05:28,213 - INFO - Searching PMC Open Access for articles with 'TBC1D22A' in title (max 5)...
2025-04-20 10:05:28,360 - INFO - Found 5 Open Access articles (up to 5) for 'TBC1D22A', sorted by most recent publication date.
2025-04-20 10:05:28,361 - INFO - --- Attempting to fetch and parse full text/metadata for 5 PMCIDs for 'TBC1D22A' ---
2025-04-20 10:05:28,361 - INFO -   [1/5] Processing PMCID: 11492882...
2025-04-20 10:05:29,235 - INFO -   [2/5] Processing PMCID: 3622926...
2025-04-20 10:05:29,888 - INFO -   [3/5] Processing PMCID: 11302001...
2025-04-20 10:05:30,553 - INFO -   [4/5] Processing PMCID: 3851042...
2025-04-20 10:05:31,243 - INFO -   [5/5] Processing PMCID: 11503387...
2025-04-20 10:05:31,924 - INFO - Saving 5 processed articles for 'TBC1D22A' to 'pmc_full_texts/TBC1D22A_pmc_articles.json'...
2025-04-20 10:05:31,929 - INFO - Successfully saved JSON file for 'TBC1D22A'.
2025-04-20 10:05:31,931 - INFO - -- Finished processing 'TBC1D22A'. Saved data for 5 articles to JSON for this gene. --
2025-04-20 10:05:31,931 - INFO - [5/10] Processing gene: MYO18B
2025-04-20 10:05:31,931 - INFO - Searching PMC Open Access for articles with 'MYO18B' in title (max 5)...
2025-04-20 10:05:32,123 - INFO - Found 5 Open Access articles (up to 5) for 'MYO18B', sorted by most recent publication date.
2025-04-20 10:05:32,123 - INFO - --- Attempting to fetch and parse full text/metadata for 5 PMCIDs for 'MYO18B' ---
2025-04-20 10:05:32,123 - INFO -   [1/5] Processing PMCID: 7378193...
2025-04-20 10:05:33,034 - INFO -   [2/5] Processing PMCID: 6854551...
2025-04-20 10:05:33,743 - INFO -   [3/5] Processing PMCID: 6215340...
2025-04-20 10:05:34,429 - INFO -   [4/5] Processing PMCID: 11112018...
2025-04-20 10:05:35,187 - INFO -   [5/5] Processing PMCID: 5240573...
2025-04-20 10:05:35,866 - INFO - Saving 5 processed articles for 'MYO18B' to 'pmc_full_texts/MYO18B_pmc_articles.json'...
2025-04-20 10:05:35,867 - INFO - Successfully saved JSON file for 'MYO18B'.
2025-04-20 10:05:35,867 - INFO - -- Finished processing 'MYO18B'. Saved data for 5 articles to JSON for this gene. --
2025-04-20 10:05:35,867 - INFO - [6/10] Processing gene: PACSIN2
2025-04-20 10:05:35,867 - INFO - Searching PMC Open Access for articles with 'PACSIN2' in title (max 5)...
2025-04-20 10:05:35,996 - INFO - Found 5 Open Access articles (up to 5) for 'PACSIN2', sorted by most recent publication date.
2025-04-20 10:05:35,996 - INFO - --- Attempting to fetch and parse full text/metadata for 5 PMCIDs for 'PACSIN2' ---
2025-04-20 10:05:35,996 - INFO -   [1/5] Processing PMCID: 10252800...
2025-04-20 10:05:36,972 - INFO -   [2/5] Processing PMCID: 9811133...
2025-04-20 10:05:37,677 - INFO -   [3/5] Processing PMCID: 9636508...
2025-04-20 10:05:38,348 - INFO -   [4/5] Processing PMCID: 9235069...
2025-04-20 10:05:39,010 - INFO -   [5/5] Processing PMCID: 8110786...
2025-04-20 10:05:39,701 - INFO - Saving 5 processed articles for 'PACSIN2' to 'pmc_full_texts/PACSIN2_pmc_articles.json'...
2025-04-20 10:05:39,703 - INFO - Successfully saved JSON file for 'PACSIN2'.
2025-04-20 10:05:39,704 - INFO - -- Finished processing 'PACSIN2'. Saved data for 5 articles to JSON for this gene. --
2025-04-20 10:05:39,704 - INFO - [7/10] Processing gene: SEZ6L
2025-04-20 10:05:39,704 - INFO - Searching PMC Open Access for articles with 'SEZ6L' in title (max 5)...
2025-04-20 10:05:39,823 - INFO - Found 5 Open Access articles (up to 5) for 'SEZ6L', sorted by most recent publication date.
2025-04-20 10:05:39,824 - INFO - --- Attempting to fetch and parse full text/metadata for 5 PMCIDs for 'SEZ6L' ---
2025-04-20 10:05:39,824 - INFO -   [1/5] Processing PMCID: 8857007...
2025-04-20 10:05:40,826 - INFO -   [2/5] Processing PMCID: 6034874...
2025-04-20 10:05:41,747 - INFO -   [3/5] Processing PMCID: 8081827...
2025-04-20 10:05:42,886 - INFO -   [4/5] Processing PMCID: 5053352...
2025-04-20 10:05:43,607 - INFO -   [5/5] Processing PMCID: 8786741...
2025-04-20 10:05:44,260 - INFO - Saving 5 processed articles for 'SEZ6L' to 'pmc_full_texts/SEZ6L_pmc_articles.json'...
2025-04-20 10:05:44,262 - INFO - Successfully saved JSON file for 'SEZ6L'.
2025-04-20 10:05:44,262 - INFO - -- Finished processing 'SEZ6L'. Saved data for 5 articles to JSON for this gene. --
2025-04-20 10:05:44,262 - INFO - [8/10] Processing gene: CELSR1
2025-04-20 10:05:44,262 - INFO - Searching PMC Open Access for articles with 'CELSR1' in title (max 5)...
2025-04-20 10:05:44,382 - INFO - Found 5 Open Access articles (up to 5) for 'CELSR1', sorted by most recent publication date.
2025-04-20 10:05:44,382 - INFO - --- Attempting to fetch and parse full text/metadata for 5 PMCIDs for 'CELSR1' ---
2025-04-20 10:05:44,382 - INFO -   [1/5] Processing PMCID: 7072880...
2025-04-20 10:05:45,383 - INFO -   [2/5] Processing PMCID: 10592476...
2025-04-20 10:05:46,174 - INFO -   [3/5] Processing PMCID: 3954890...
2025-04-20 10:05:46,824 - INFO -   [4/5] Processing PMCID: 8213278...
2025-04-20 10:05:47,456 - INFO -   [5/5] Processing PMCID: 9878842...
2025-04-20 10:05:48,175 - INFO - Saving 5 processed articles for 'CELSR1' to 'pmc_full_texts/CELSR1_pmc_articles.json'...
2025-04-20 10:05:48,177 - INFO - Successfully saved JSON file for 'CELSR1'.
2025-04-20 10:05:48,177 - INFO - -- Finished processing 'CELSR1'. Saved data for 5 articles to JSON for this gene. --
2025-04-20 10:05:48,177 - INFO - [9/10] Processing gene: EFCAB6
2025-04-20 10:05:48,177 - INFO - Searching PMC Open Access for articles with 'EFCAB6' in title (max 5)...
2025-04-20 10:05:48,296 - INFO - Found 5 Open Access articles (up to 5) for 'EFCAB6', sorted by most recent publication date.
2025-04-20 10:05:48,296 - INFO - --- Attempting to fetch and parse full text/metadata for 5 PMCIDs for 'EFCAB6' ---
2025-04-20 10:05:48,296 - INFO -   [1/5] Processing PMCID: 6625148...
2025-04-20 10:05:49,272 - INFO -   [2/5] Processing PMCID: 7331728...
2025-04-20 10:05:49,921 - INFO -   [3/5] Processing PMCID: 6333986...
2025-04-20 10:05:50,639 - INFO -   [4/5] Processing PMCID: 8426369...
2025-04-20 10:05:51,391 - INFO -   [5/5] Processing PMCID: 4315412...
2025-04-20 10:05:52,037 - INFO - Saving 5 processed articles for 'EFCAB6' to 'pmc_full_texts/EFCAB6_pmc_articles.json'...
2025-04-20 10:05:52,038 - INFO - Successfully saved JSON file for 'EFCAB6'.
2025-04-20 10:05:52,039 - INFO - -- Finished processing 'EFCAB6'. Saved data for 5 articles to JSON for this gene. --
2025-04-20 10:05:52,039 - INFO - [10/10] Processing gene: CECR2
2025-04-20 10:05:52,039 - INFO - Searching PMC Open Access for articles with 'CECR2' in title (max 5)...
2025-04-20 10:05:52,157 - INFO - Found 5 Open Access articles (up to 5) for 'CECR2', sorted by most recent publication date.
2025-04-20 10:05:52,157 - INFO - --- Attempting to fetch and parse full text/metadata for 5 PMCIDs for 'CECR2' ---
2025-04-20 10:05:52,157 - INFO -   [1/5] Processing PMCID: 7529788...
2025-04-20 10:05:53,065 - INFO -   [2/5] Processing PMCID: 11661176...
2025-04-20 10:05:53,746 - INFO -   [3/5] Processing PMCID: 6109101...
2025-04-20 10:05:54,408 - INFO -   [4/5] Processing PMCID: 10324518...
2025-04-20 10:05:55,138 - INFO -   [5/5] Processing PMCID: 7948406...
2025-04-20 10:05:55,811 - INFO - Saving 5 processed articles for 'CECR2' to 'pmc_full_texts/CECR2_pmc_articles.json'...
2025-04-20 10:05:55,812 - INFO - Successfully saved JSON file for 'CECR2'.
2025-04-20 10:05:55,813 - INFO - -- Finished processing 'CECR2'. Saved data for 5 articles to JSON for this gene. --
2025-04-20 10:05:55,813 - INFO - Completed processing 10 genes from the list.
2025-04-20 10:05:55,813 - INFO - --- Overall Summary ---
2025-04-20 10:05:55,813 - INFO - Successfully processed 10 gene(s).
2025-04-20 10:05:55,813 - INFO - Total articles saved across all JSON files: 50
2025-04-20 10:05:55,813 - INFO - Output directory: /Users/yuntian/Desktop/Yale/PhD/Year2/CBB752/cbb752-final-project-part2/pmc_full_texts
2025-04-20 10:05:55,813 - INFO - --- Script Finished ---
